<?xml version="1.0" encoding="UTF-8"?>
<!-- Generated by org.testng.reporters.JUnitXMLReporter -->
<testsuite hostname="CBT-2F-301" ignored="0" name="Test" tests="3" failures="0" timestamp="2020-11-30T16:08:18 IST" time="0.053" errors="0">
  <testcase name="@BeforeMethod precondition" time="-1.606732698807E9" classname="Com_ActiTime_Generic.BaseTest">
    <failure type="org.testng.TestNGException" message="
Parameter &amp;apos;nodeUrl&amp;apos; is required by BeforeMethod on method precondition but has not been marked @Optional or defined
in C:\Users\CBT\Desktop\HCSA3\ActiTime\testng.xml">
      <![CDATA[org.testng.TestNGException: 
Parameter 'nodeUrl' is required by BeforeMethod on method precondition but has not been marked @Optional or defined
in C:\Users\CBT\Desktop\HCSA3\ActiTime\testng.xml
at java.util.ArrayList.forEach(Unknown Source)
... Removed 27 stack frames]]>
    </failure>
  </testcase> <!-- @BeforeMethod precondition -->
  <testcase name="@AfterMethod postcondition" time="-1.606732698815E9" classname="Com_ActiTime_Generic.BaseTest">
    <skipped/>
  </testcase> <!-- @AfterMethod postcondition -->
  <testcase name="@BeforeMethod precondition" time="-1.606732698818E9" classname="Com_ActiTime_Generic.BaseTest">
    <failure type="org.testng.TestNGException" message="
Parameter &amp;apos;nodeUrl&amp;apos; is required by BeforeMethod on method precondition but has not been marked @Optional or defined
in C:\Users\CBT\Desktop\HCSA3\ActiTime\testng.xml">
      <![CDATA[org.testng.TestNGException: 
Parameter 'nodeUrl' is required by BeforeMethod on method precondition but has not been marked @Optional or defined
in C:\Users\CBT\Desktop\HCSA3\ActiTime\testng.xml
at java.util.ArrayList.forEach(Unknown Source)
... Removed 27 stack frames]]>
    </failure>
  </testcase> <!-- @BeforeMethod precondition -->
  <testcase name="@AfterMethod postcondition" time="-1.606732698818E9" classname="Com_ActiTime_Generic.BaseTest">
    <skipped/>
  </testcase> <!-- @AfterMethod postcondition -->
  <testcase name="@BeforeMethod precondition" time="-1.606732698819E9" classname="Com_ActiTime_Generic.BaseTest">
    <failure type="org.testng.TestNGException" message="
Parameter &amp;apos;nodeUrl&amp;apos; is required by BeforeMethod on method precondition but has not been marked @Optional or defined
in C:\Users\CBT\Desktop\HCSA3\ActiTime\testng.xml">
      <![CDATA[org.testng.TestNGException: 
Parameter 'nodeUrl' is required by BeforeMethod on method precondition but has not been marked @Optional or defined
in C:\Users\CBT\Desktop\HCSA3\ActiTime\testng.xml
at java.util.ArrayList.forEach(Unknown Source)
... Removed 27 stack frames]]>
    </failure>
  </testcase> <!-- @BeforeMethod precondition -->
  <testcase name="@AfterMethod postcondition" time="-1.606732698819E9" classname="Com_ActiTime_Generic.BaseTest">
    <skipped/>
  </testcase> <!-- @AfterMethod postcondition -->
  <testcase name="InvalidLogin" time="0.0" classname="Com_ActiTime_Test.InvalidLoginTest">
    <skipped/>
  </testcase> <!-- InvalidLogin -->
  <testcase name="ValidLoginLogout" time="0.0" classname="Com_ActiTime_Test.ValidLoginLogoutTest">
    <skipped/>
  </testcase> <!-- ValidLoginLogout -->
  <testcase name="VerifyVersion" time="0.0" classname="Com_ActiTime_Test.VerifyVersionTest">
    <skipped/>
  </testcase> <!-- VerifyVersion -->
</testsuite> <!-- Test -->
