<?xml version="1.0" encoding="UTF-8"?>
<!-- Generated by org.testng.reporters.JUnitXMLReporter -->
<testsuite hostname="CBT-2F-301" ignored="0" name="Test(failed)" tests="1" failures="1" timestamp="2020-11-26T17:10:49 IST" time="13.938" errors="0">
  <testcase name="VerifyVersion" time="0.894" classname="Com_ActiTime_Test.VerifyVersionTest">
    <failure type="java.lang.AssertionError" message="The following asserts failed:
	expected [actiTIME 2020] but found [actiTIME 2020 Online]">
      <![CDATA[java.lang.AssertionError: The following asserts failed:
expected [actiTIME 2020] but found [actiTIME 2020 Online]
at Com_ActiTime_Test.VerifyVersionTest.VerifyVersion(VerifyVersionTest.java:25)
at java.util.ArrayList.forEach(Unknown Source)
... Removed 29 stack frames]]>
    </failure>
  </testcase> <!-- VerifyVersion -->
</testsuite> <!-- Test(failed) -->
